{"uid":"b59c599cc5544bca","name":"Test that always fails","fullName":"tests.test_sample#test_fail","historyId":"13b46310663651660204086cd193b314","time":{"start":1749164279758,"stop":1749164279758,"duration":0},"description":"This test is supposed to fail for demonstration.","descriptionHtml":"<p>This test is supposed to fail for demonstration.</p>\n","status":"failed","statusMessage":"AssertionError: Intentional failure\nassert False","statusTrace":"@allure.title(\"Test that always fails\")\n    @allure.description(\"This test is supposed to fail for demonstration.\")\n    def test_fail():\n>       assert False, \"Intentional failure\"\nE       AssertionError: Intentional failure\nE       assert False\n\ntests/test_sample.py:16: AssertionError","flaky":false,"newFailed":false,"newBroken":false,"newPassed":false,"retriesCount":0,"retriesStatusChange":false,"beforeStages":[],"afterStages":[],"labels":[{"name":"parentSuite","value":"tests"},{"name":"suite","value":"test_sample"},{"name":"host","value":"fv-az2209-831"},{"name":"thread","value":"2407-MainThread"},{"name":"framework","value":"pytest"},{"name":"language","value":"cpython3"},{"name":"package","value":"tests.test_sample"},{"name":"resultFormat","value":"allure2"}],"parameters":[],"links":[],"hidden":false,"retry":false,"extra":{"severity":"normal","retries":[],"categories":[{"name":"Product defects","matchedStatuses":[],"flaky":false}],"tags":[]},"source":"b59c599cc5544bca.json","parameterValues":[]}